<?xml version="1.0" encoding="UTF-8"?>
<testng-results ignored="0" total="1" passed="1" failed="0" skipped="0">
  <reporter-output>
  </reporter-output>
  <suite started-at="2025-03-20T07:31:01 GMT+05:45" name="Default suite" finished-at="2025-03-20T07:31:06 GMT+05:45" duration-ms="4789">
    <groups>
    </groups>
    <test started-at="2025-03-20T07:31:01 GMT+05:45" name="Default test" finished-at="2025-03-20T07:31:06 GMT+05:45" duration-ms="4789">
      <class name="FinalProject.AddEmployee">
        <test-method is-config="true" signature="DriverSetup()[pri:0, instance:FinalProject.AddEmployee@7cc0cdad]" started-at="2025-03-20T07:30:55 GMT+05:45" name="DriverSetup" finished-at="2025-03-20T07:31:01 GMT+05:45" duration-ms="5819" status="PASS">
          <reporter-output>
          </reporter-output>
        </test-method> <!-- DriverSetup -->
        <test-method signature="EmpAdd()[pri:0, instance:FinalProject.AddEmployee@7cc0cdad]" started-at="2025-03-20T07:31:01 GMT+05:45" name="EmpAdd" finished-at="2025-03-20T07:31:06 GMT+05:45" duration-ms="4768" status="PASS">
          <reporter-output>
          </reporter-output>
        </test-method> <!-- EmpAdd -->
        <test-method is-config="true" signature="close()[pri:0, instance:FinalProject.AddEmployee@7cc0cdad]" started-at="2025-03-20T07:31:06 GMT+05:45" name="close" finished-at="2025-03-20T07:31:13 GMT+05:45" duration-ms="7085" status="PASS">
          <reporter-output>
          </reporter-output>
        </test-method> <!-- close -->
      </class> <!-- FinalProject.AddEmployee -->
    </test> <!-- Default test -->
  </suite> <!-- Default suite -->
</testng-results>
